<?xml version="1.0" encoding="UTF-8"?>
<testng-results ignored="0" total="1" passed="1" failed="0" skipped="0">
  <reporter-output>
  </reporter-output>
  <suite started-at="2024-06-28T12:44:48 AST" name="Default suite" finished-at="2024-06-28T12:44:51 AST" duration-ms="2344">
    <groups>
    </groups>
    <test started-at="2024-06-28T12:44:48 AST" name="Default test" finished-at="2024-06-28T12:44:51 AST" duration-ms="2344">
      <class name="tests.DeviceApiTest">
        <test-method signature="addDeviceTest()[pri:0, instance:tests.DeviceApiTest@79b06cab]" started-at="2024-06-28T12:44:48 AST" name="addDeviceTest" finished-at="2024-06-28T12:44:51 AST" duration-ms="2316" status="PASS">
          <reporter-output>
          </reporter-output>
        </test-method> <!-- addDeviceTest -->
      </class> <!-- tests.DeviceApiTest -->
    </test> <!-- Default test -->
  </suite> <!-- Default suite -->
</testng-results>
